<?xml version="1.0" encoding="UTF-8"?>
<testng-results skipped="0" failed="0" ignored="0" total="3" passed="3">
  <reporter-output>
  </reporter-output>
  <suite name="Default suite" duration-ms="125033" started-at="2017-12-12T07:48:30Z" finished-at="2017-12-12T07:50:35Z">
    <groups>
    </groups>
    <test name="Default test" duration-ms="125033" started-at="2017-12-12T07:48:30Z" finished-at="2017-12-12T07:50:35Z">
      <class name="TestOfTestNG.PebTry">
        <test-method status="PASS" signature="LogInPebx()[pri:0, instance:TestOfTestNG.PebTry@cc43f62]" name="LogInPebx" is-config="true" duration-ms="14950" started-at="2017-12-12T08:48:30Z" finished-at="2017-12-12T08:48:45Z">
          <reporter-output>
          </reporter-output>
        </test-method> <!-- LogInPebx -->
        <test-method status="PASS" signature="NavigationDyskusja()[pri:1, instance:TestOfTestNG.PebTry@cc43f62]" name="NavigationDyskusja" duration-ms="37380" started-at="2017-12-12T08:48:45Z" finished-at="2017-12-12T08:49:23Z">
          <reporter-output>
          </reporter-output>
        </test-method> <!-- NavigationDyskusja -->
        <test-method status="PASS" signature="LogOutPebx()[pri:0, instance:TestOfTestNG.PebTry@cc43f62]" name="LogOutPebx" is-config="true" duration-ms="3135" started-at="2017-12-12T08:49:23Z" finished-at="2017-12-12T08:49:26Z">
          <reporter-output>
          </reporter-output>
        </test-method> <!-- LogOutPebx -->
        <test-method status="PASS" signature="LogInPebx()[pri:0, instance:TestOfTestNG.PebTry@cc43f62]" name="LogInPebx" is-config="true" duration-ms="17331" started-at="2017-12-12T08:49:26Z" finished-at="2017-12-12T08:49:43Z">
          <reporter-output>
          </reporter-output>
        </test-method> <!-- LogInPebx -->
        <test-method status="PASS" signature="NavigationKrytyka()[pri:2, instance:TestOfTestNG.PebTry@cc43f62]" name="NavigationKrytyka" duration-ms="22896" started-at="2017-12-12T08:49:43Z" finished-at="2017-12-12T08:50:06Z">
          <reporter-output>
          </reporter-output>
        </test-method> <!-- NavigationKrytyka -->
        <test-method status="PASS" signature="LogOutPebx()[pri:0, instance:TestOfTestNG.PebTry@cc43f62]" name="LogOutPebx" is-config="true" duration-ms="3276" started-at="2017-12-12T08:50:06Z" finished-at="2017-12-12T08:50:09Z">
          <reporter-output>
          </reporter-output>
        </test-method> <!-- LogOutPebx -->
        <test-method status="PASS" signature="LogInPebx()[pri:0, instance:TestOfTestNG.PebTry@cc43f62]" name="LogInPebx" is-config="true" duration-ms="11638" started-at="2017-12-12T08:50:09Z" finished-at="2017-12-12T08:50:21Z">
          <reporter-output>
          </reporter-output>
        </test-method> <!-- LogInPebx -->
        <test-method status="PASS" signature="NavigationKomunikacja()[pri:3, instance:TestOfTestNG.PebTry@cc43f62]" name="NavigationKomunikacja" duration-ms="11136" started-at="2017-12-12T08:50:21Z" finished-at="2017-12-12T08:50:32Z">
          <reporter-output>
          </reporter-output>
        </test-method> <!-- NavigationKomunikacja -->
        <test-method status="PASS" signature="LogOutPebx()[pri:0, instance:TestOfTestNG.PebTry@cc43f62]" name="LogOutPebx" is-config="true" duration-ms="3267" started-at="2017-12-12T08:50:32Z" finished-at="2017-12-12T08:50:35Z">
          <reporter-output>
          </reporter-output>
        </test-method> <!-- LogOutPebx -->
      </class> <!-- TestOfTestNG.PebTry -->
    </test> <!-- Default test -->
  </suite> <!-- Default suite -->
</testng-results>
