<?xml version="1.0" encoding="UTF-8"?>
<!-- Generated by org.testng.reporters.JUnitXMLReporter -->
<testsuite hostname="BWAW_500" ignored="0" name="Default test" tests="3" failures="0" timestamp="12 Dec 2017 07:50:35 GMT" time="125.033" errors="0">
  <testcase name="NavigationDyskusja" time="37.38" classname="TestOfTestNG.PebTry"/>
  <testcase name="NavigationKrytyka" time="22.896" classname="TestOfTestNG.PebTry"/>
  <testcase name="NavigationKomunikacja" time="11.136" classname="TestOfTestNG.PebTry"/>
</testsuite> <!-- Default test -->
